app/build/intermediates/manifest_merge_blame_file/debug/processDebugMainManifest/manifest-merger-blame-debug-report.txt
1<?xml version="1.0" encoding="utf-8"?>
2<manifest xmlns:android="http://schemas.android.com/apk/res/android"
3    package="com.yourname.ebikeweather"
4    android:versionCode="1"
5    android:versionName="1.0" >
6
7    <uses-sdk
8        android:minSdkVersion="29"
9        android:targetSdkVersion="34" />
10
11    <!-- Required Permissions -->
12    <uses-permission android:name="android.permission.ACCESS_COARSE_LOCATION" />
12-->src\main\AndroidManifest.xml:5:5-81
12-->src\main\AndroidManifest.xml:5:22-78
13    <uses-permission android:name="android.permission.ACCESS_FINE_LOCATION" />
13-->src\main\AndroidManifest.xml:6:5-79
13-->src\main\AndroidManifest.xml:6:22-76
14    <uses-permission android:name="android.permission.ACCESS_BACKGROUND_LOCATION" />
14-->src\main\AndroidManifest.xml:7:5-85
14-->src\main\AndroidManifest.xml:7:22-82
15    <uses-permission android:name="android.permission.ACTIVITY_RECOGNITION" />
15-->src\main\AndroidManifest.xml:8:5-79
15-->src\main\AndroidManifest.xml:8:22-76
16    <uses-permission android:name="android.permission.POST_NOTIFICATIONS" />
16-->src\main\AndroidManifest.xml:9:5-77
16-->src\main\AndroidManifest.xml:9:22-74
17    <uses-permission android:name="android.permission.INTERNET" />
17-->src\main\AndroidManifest.xml:10:5-67
17-->src\main\AndroidManifest.xml:10:22-64
18    <uses-permission android:name="android.permission.RECEIVE_BOOT_COMPLETED" />
18-->src\main\AndroidManifest.xml:11:5-81
18-->src\main\AndroidManifest.xml:11:22-78
19    <uses-permission android:name="android.permission.WAKE_LOCK" />
19-->[androidx.work:work-runtime:2.9.1] AndroidManifest.xml:23:5-68
19-->[androidx.work:work-runtime:2.9.1] AndroidManifest.xml:23:22-65
20    <uses-permission android:name="android.permission.ACCESS_NETWORK_STATE" />
20-->[androidx.work:work-runtime:2.9.1] AndroidManifest.xml:24:5-79
20-->[androidx.work:work-runtime:2.9.1] AndroidManifest.xml:24:22-76
21    <uses-permission android:name="android.permission.FOREGROUND_SERVICE" />
21-->[androidx.work:work-runtime:2.9.1] AndroidManifest.xml:26:5-77
21-->[androidx.work:work-runtime:2.9.1] AndroidManifest.xml:26:22-74
22
23    <permission
23-->[androidx.core:core:1.13.1] AndroidManifest.xml:22:5-24:47
24        android:name="com.yourname.ebikeweather.DYNAMIC_RECEIVER_NOT_EXPORTED_PERMISSION"
24-->[androidx.core:core:1.13.1] AndroidManifest.xml:23:9-81
25        android:protectionLevel="signature" />
25-->[androidx.core:core:1.13.1] AndroidManifest.xml:24:9-44
26
27    <uses-permission android:name="com.yourname.ebikeweather.DYNAMIC_RECEIVER_NOT_EXPORTED_PERMISSION" />
27-->[androidx.core:core:1.13.1] AndroidManifest.xml:26:5-97
27-->[androidx.core:core:1.13.1] AndroidManifest.xml:26:22-94
28
29    <application
29-->src\main\AndroidManifest.xml:13:5-67:19
30        android:allowBackup="true"
30-->src\main\AndroidManifest.xml:14:9-35
31        android:appComponentFactory="androidx.core.app.CoreComponentFactory"
31-->[androidx.core:core:1.13.1] AndroidManifest.xml:28:18-86
32        android:debuggable="true"
33        android:extractNativeLibs="false"
34        android:icon="@android:drawable/sym_def_app_icon"
34-->src\main\AndroidManifest.xml:15:9-58
35        android:label="E-Bike Weather"
35-->src\main\AndroidManifest.xml:16:9-39
36        android:supportsRtl="true"
36-->src\main\AndroidManifest.xml:17:9-35
37        android:theme="@style/Theme.AppCompat.DayNight" >
37-->src\main\AndroidManifest.xml:18:9-56
38
39        <!-- Keep your activities and receivers below this line -->
40
41
42        <!-- ========================================== -->
43        <!-- 2. THE UI (PERMISSION HANDLER) -->
44        <!-- ========================================== -->
45        <activity
45-->src\main\AndroidManifest.xml:25:9-32:20
46            android:name="com.yourname.ebikeweather.MainActivity"
46-->src\main\AndroidManifest.xml:26:13-41
47            android:exported="true" >
47-->src\main\AndroidManifest.xml:27:13-36
48            <intent-filter>
48-->src\main\AndroidManifest.xml:28:13-31:29
49                <action android:name="android.intent.action.MAIN" />
49-->src\main\AndroidManifest.xml:29:17-69
49-->src\main\AndroidManifest.xml:29:25-66
50
51                <category android:name="android.intent.category.LAUNCHER" />
51-->src\main\AndroidManifest.xml:30:17-77
51-->src\main\AndroidManifest.xml:30:27-74
52            </intent-filter>
53        </activity>
54
55        <!-- ========================================== -->
56        <!-- 3. THE SPEED TRAP SERVICE -->
57        <!-- ========================================== -->
58        <!-- Runs briefly inside the geofence to catch the exact second you stop -->
59        <service
59-->src\main\AndroidManifest.xml:38:9-40:40
60            android:name="com.yourname.ebikeweather.BikeStopDetectionService"
60-->src\main\AndroidManifest.xml:39:13-53
61            android:exported="false" />
61-->src\main\AndroidManifest.xml:40:13-37
62
63        <!-- ========================================== -->
64        <!-- 4. THE BROADCAST RECEIVERS -->
65        <!-- ========================================== -->
66
67
68        <!-- Listens for the Geofence Breach -->
69        <receiver
69-->src\main\AndroidManifest.xml:47:9-49:40
70            android:name="com.yourname.ebikeweather.GeofenceReceiver"
70-->src\main\AndroidManifest.xml:48:13-45
71            android:exported="false" />
71-->src\main\AndroidManifest.xml:49:13-37
72
73        <!-- Listens globally for when you start/stop riding your bike -->
74        <receiver
74-->src\main\AndroidManifest.xml:52:9-54:40
75            android:name="com.yourname.ebikeweather.GlobalBikeReceiver"
75-->src\main\AndroidManifest.xml:53:13-47
76            android:exported="false" />
76-->src\main\AndroidManifest.xml:54:13-37
77
78        <!-- Jumpstarts the Geofence & Bike Tracker when the phone turns on -->
79        <receiver
79-->src\main\AndroidManifest.xml:57:9-65:20
80            android:name="com.yourname.ebikeweather.BootReceiver"
80-->src\main\AndroidManifest.xml:58:13-41
81            android:enabled="true"
81-->src\main\AndroidManifest.xml:59:13-35
82            android:exported="true" >
82-->src\main\AndroidManifest.xml:60:13-36
83            <intent-filter>
83-->src\main\AndroidManifest.xml:61:13-64:29
84                <action android:name="android.intent.action.BOOT_COMPLETED" />
84-->src\main\AndroidManifest.xml:62:17-79
84-->src\main\AndroidManifest.xml:62:25-76
85                <action android:name="android.intent.action.QUICKBOOT_POWERON" />
85-->src\main\AndroidManifest.xml:63:17-82
85-->src\main\AndroidManifest.xml:63:25-79
86            </intent-filter>
87        </receiver>
88
89        <provider
89-->[androidx.emoji2:emoji2:1.3.0] AndroidManifest.xml:24:9-32:20
90            android:name="androidx.startup.InitializationProvider"
90-->[androidx.emoji2:emoji2:1.3.0] AndroidManifest.xml:25:13-67
91            android:authorities="com.yourname.ebikeweather.androidx-startup"
91-->[androidx.emoji2:emoji2:1.3.0] AndroidManifest.xml:26:13-68
92            android:exported="false" >
92-->[androidx.emoji2:emoji2:1.3.0] AndroidManifest.xml:27:13-37
93            <meta-data
93-->[androidx.emoji2:emoji2:1.3.0] AndroidManifest.xml:29:13-31:52
94                android:name="androidx.emoji2.text.EmojiCompatInitializer"
94-->[androidx.emoji2:emoji2:1.3.0] AndroidManifest.xml:30:17-75
95                android:value="androidx.startup" />
95-->[androidx.emoji2:emoji2:1.3.0] AndroidManifest.xml:31:17-49
96            <meta-data
96-->[androidx.work:work-runtime:2.9.1] AndroidManifest.xml:34:13-36:52
97                android:name="androidx.work.WorkManagerInitializer"
97-->[androidx.work:work-runtime:2.9.1] AndroidManifest.xml:35:17-68
98                android:value="androidx.startup" />
98-->[androidx.work:work-runtime:2.9.1] AndroidManifest.xml:36:17-49
99            <meta-data
99-->[androidx.lifecycle:lifecycle-process:2.6.2] AndroidManifest.xml:29:13-31:52
100                android:name="androidx.lifecycle.ProcessLifecycleInitializer"
100-->[androidx.lifecycle:lifecycle-process:2.6.2] AndroidManifest.xml:30:17-78
101                android:value="androidx.startup" />
101-->[androidx.lifecycle:lifecycle-process:2.6.2] AndroidManifest.xml:31:17-49
102            <meta-data
102-->[androidx.profileinstaller:profileinstaller:1.3.1] AndroidManifest.xml:29:13-31:52
103                android:name="androidx.profileinstaller.ProfileInstallerInitializer"
103-->[androidx.profileinstaller:profileinstaller:1.3.1] AndroidManifest.xml:30:17-85
104                android:value="androidx.startup" />
104-->[androidx.profileinstaller:profileinstaller:1.3.1] AndroidManifest.xml:31:17-49
105        </provider>
106
107        <activity
107-->[com.google.android.gms:play-services-base:18.5.0] AndroidManifest.xml:5:9-173
108            android:name="com.google.android.gms.common.api.GoogleApiActivity"
108-->[com.google.android.gms:play-services-base:18.5.0] AndroidManifest.xml:5:19-85
109            android:exported="false"
109-->[com.google.android.gms:play-services-base:18.5.0] AndroidManifest.xml:5:146-170
110            android:theme="@android:style/Theme.Translucent.NoTitleBar" />
110-->[com.google.android.gms:play-services-base:18.5.0] AndroidManifest.xml:5:86-145
111
112        <meta-data
112-->[com.google.android.gms:play-services-basement:18.4.0] AndroidManifest.xml:6:9-122
113            android:name="com.google.android.gms.version"
113-->[com.google.android.gms:play-services-basement:18.4.0] AndroidManifest.xml:6:20-65
114            android:value="@integer/google_play_services_version" />
114-->[com.google.android.gms:play-services-basement:18.4.0] AndroidManifest.xml:6:66-119
115
116        <service
116-->[androidx.work:work-runtime:2.9.1] AndroidManifest.xml:39:9-45:35
117            android:name="androidx.work.impl.background.systemalarm.SystemAlarmService"
117-->[androidx.work:work-runtime:2.9.1] AndroidManifest.xml:40:13-88
118            android:directBootAware="false"
118-->[androidx.work:work-runtime:2.9.1] AndroidManifest.xml:41:13-44
119            android:enabled="@bool/enable_system_alarm_service_default"
119-->[androidx.work:work-runtime:2.9.1] AndroidManifest.xml:42:13-72
120            android:exported="false" />
120-->[androidx.work:work-runtime:2.9.1] AndroidManifest.xml:43:13-37
121        <service
121-->[androidx.work:work-runtime:2.9.1] AndroidManifest.xml:46:9-52:35
122            android:name="androidx.work.impl.background.systemjob.SystemJobService"
122-->[androidx.work:work-runtime:2.9.1] AndroidManifest.xml:47:13-84
123            android:directBootAware="false"
123-->[androidx.work:work-runtime:2.9.1] AndroidManifest.xml:48:13-44
124            android:enabled="@bool/enable_system_job_service_default"
124-->[androidx.work:work-runtime:2.9.1] AndroidManifest.xml:49:13-70
125            android:exported="true"
125-->[androidx.work:work-runtime:2.9.1] AndroidManifest.xml:50:13-36
126            android:permission="android.permission.BIND_JOB_SERVICE" />
126-->[androidx.work:work-runtime:2.9.1] AndroidManifest.xml:51:13-69
127        <service
127-->[androidx.work:work-runtime:2.9.1] AndroidManifest.xml:53:9-59:35
128            android:name="androidx.work.impl.foreground.SystemForegroundService"
128-->[androidx.work:work-runtime:2.9.1] AndroidManifest.xml:54:13-81
129            android:directBootAware="false"
129-->[androidx.work:work-runtime:2.9.1] AndroidManifest.xml:55:13-44
130            android:enabled="@bool/enable_system_foreground_service_default"
130-->[androidx.work:work-runtime:2.9.1] AndroidManifest.xml:56:13-77
131            android:exported="false" />
131-->[androidx.work:work-runtime:2.9.1] AndroidManifest.xml:57:13-37
132
133        <receiver
133-->[androidx.work:work-runtime:2.9.1] AndroidManifest.xml:61:9-66:35
134            android:name="androidx.work.impl.utils.ForceStopRunnable$BroadcastReceiver"
134-->[androidx.work:work-runtime:2.9.1] AndroidManifest.xml:62:13-88
135            android:directBootAware="false"
135-->[androidx.work:work-runtime:2.9.1] AndroidManifest.xml:63:13-44
136            android:enabled="true"
136-->[androidx.work:work-runtime:2.9.1] AndroidManifest.xml:64:13-35
137            android:exported="false" />
137-->[androidx.work:work-runtime:2.9.1] AndroidManifest.xml:65:13-37
138        <receiver
138-->[androidx.work:work-runtime:2.9.1] AndroidManifest.xml:67:9-77:20
139            android:name="androidx.work.impl.background.systemalarm.ConstraintProxy$BatteryChargingProxy"
139-->[androidx.work:work-runtime:2.9.1] AndroidManifest.xml:68:13-106
140            android:directBootAware="false"
140-->[androidx.work:work-runtime:2.9.1] AndroidManifest.xml:69:13-44
141            android:enabled="false"
141-->[androidx.work:work-runtime:2.9.1] AndroidManifest.xml:70:13-36
142            android:exported="false" >
142-->[androidx.work:work-runtime:2.9.1] AndroidManifest.xml:71:13-37
143            <intent-filter>
143-->[androidx.work:work-runtime:2.9.1] AndroidManifest.xml:73:13-76:29
144                <action android:name="android.intent.action.ACTION_POWER_CONNECTED" />
144-->[androidx.work:work-runtime:2.9.1] AndroidManifest.xml:74:17-87
144-->[androidx.work:work-runtime:2.9.1] AndroidManifest.xml:74:25-84
145                <action android:name="android.intent.action.ACTION_POWER_DISCONNECTED" />
145-->[androidx.work:work-runtime:2.9.1] AndroidManifest.xml:75:17-90
145-->[androidx.work:work-runtime:2.9.1] AndroidManifest.xml:75:25-87
146            </intent-filter>
147        </receiver>
148        <receiver
148-->[androidx.work:work-runtime:2.9.1] AndroidManifest.xml:78:9-88:20
149            android:name="androidx.work.impl.background.systemalarm.ConstraintProxy$BatteryNotLowProxy"
149-->[androidx.work:work-runtime:2.9.1] AndroidManifest.xml:79:13-104
150            android:directBootAware="false"
150-->[androidx.work:work-runtime:2.9.1] AndroidManifest.xml:80:13-44
151            android:enabled="false"
151-->[androidx.work:work-runtime:2.9.1] AndroidManifest.xml:81:13-36
152            android:exported="false" >
152-->[androidx.work:work-runtime:2.9.1] AndroidManifest.xml:82:13-37
153            <intent-filter>
153-->[androidx.work:work-runtime:2.9.1] AndroidManifest.xml:84:13-87:29
154                <action android:name="android.intent.action.BATTERY_OKAY" />
154-->[androidx.work:work-runtime:2.9.1] AndroidManifest.xml:85:17-77
154-->[androidx.work:work-runtime:2.9.1] AndroidManifest.xml:85:25-74
155                <action android:name="android.intent.action.BATTERY_LOW" />
155-->[androidx.work:work-runtime:2.9.1] AndroidManifest.xml:86:17-76
155-->[androidx.work:work-runtime:2.9.1] AndroidManifest.xml:86:25-73
156            </intent-filter>
157        </receiver>
158        <receiver
158-->[androidx.work:work-runtime:2.9.1] AndroidManifest.xml:89:9-99:20
159            android:name="androidx.work.impl.background.systemalarm.ConstraintProxy$StorageNotLowProxy"
159-->[androidx.work:work-runtime:2.9.1] AndroidManifest.xml:90:13-104
160            android:directBootAware="false"
160-->[androidx.work:work-runtime:2.9.1] AndroidManifest.xml:91:13-44
161            android:enabled="false"
161-->[androidx.work:work-runtime:2.9.1] AndroidManifest.xml:92:13-36
162            android:exported="false" >
162-->[androidx.work:work-runtime:2.9.1] AndroidManifest.xml:93:13-37
163            <intent-filter>
163-->[androidx.work:work-runtime:2.9.1] AndroidManifest.xml:95:13-98:29
164                <action android:name="android.intent.action.DEVICE_STORAGE_LOW" />
164-->[androidx.work:work-runtime:2.9.1] AndroidManifest.xml:96:17-83
164-->[androidx.work:work-runtime:2.9.1] AndroidManifest.xml:96:25-80
165                <action android:name="android.intent.action.DEVICE_STORAGE_OK" />
165-->[androidx.work:work-runtime:2.9.1] AndroidManifest.xml:97:17-82
165-->[androidx.work:work-runtime:2.9.1] AndroidManifest.xml:97:25-79
166            </intent-filter>
167        </receiver>
168        <receiver
168-->[androidx.work:work-runtime:2.9.1] AndroidManifest.xml:100:9-109:20
169            android:name="androidx.work.impl.background.systemalarm.ConstraintProxy$NetworkStateProxy"
169-->[androidx.work:work-runtime:2.9.1] AndroidManifest.xml:101:13-103
170            android:directBootAware="false"
170-->[androidx.work:work-runtime:2.9.1] AndroidManifest.xml:102:13-44
171            android:enabled="false"
171-->[androidx.work:work-runtime:2.9.1] AndroidManifest.xml:103:13-36
172            android:exported="false" >
172-->[androidx.work:work-runtime:2.9.1] AndroidManifest.xml:104:13-37
173            <intent-filter>
173-->[androidx.work:work-runtime:2.9.1] AndroidManifest.xml:106:13-108:29
174                <action android:name="android.net.conn.CONNECTIVITY_CHANGE" />
174-->[androidx.work:work-runtime:2.9.1] AndroidManifest.xml:107:17-79
174-->[androidx.work:work-runtime:2.9.1] AndroidManifest.xml:107:25-76
175            </intent-filter>
176        </receiver>
177        <receiver
177-->[androidx.work:work-runtime:2.9.1] AndroidManifest.xml:110:9-121:20
178            android:name="androidx.work.impl.background.systemalarm.RescheduleReceiver"
178-->[androidx.work:work-runtime:2.9.1] AndroidManifest.xml:111:13-88
179            android:directBootAware="false"
179-->[androidx.work:work-runtime:2.9.1] AndroidManifest.xml:112:13-44
180            android:enabled="false"
180-->[androidx.work:work-runtime:2.9.1] AndroidManifest.xml:113:13-36
181            android:exported="false" >
181-->[androidx.work:work-runtime:2.9.1] AndroidManifest.xml:114:13-37
182            <intent-filter>
182-->[androidx.work:work-runtime:2.9.1] AndroidManifest.xml:116:13-120:29
183                <action android:name="android.intent.action.BOOT_COMPLETED" />
183-->src\main\AndroidManifest.xml:62:17-79
183-->src\main\AndroidManifest.xml:62:25-76
184                <action android:name="android.intent.action.TIME_SET" />
184-->[androidx.work:work-runtime:2.9.1] AndroidManifest.xml:118:17-73
184-->[androidx.work:work-runtime:2.9.1] AndroidManifest.xml:118:25-70
185                <action android:name="android.intent.action.TIMEZONE_CHANGED" />
185-->[androidx.work:work-runtime:2.9.1] AndroidManifest.xml:119:17-81
185-->[androidx.work:work-runtime:2.9.1] AndroidManifest.xml:119:25-78
186            </intent-filter>
187        </receiver>
188        <receiver
188-->[androidx.work:work-runtime:2.9.1] AndroidManifest.xml:122:9-131:20
189            android:name="androidx.work.impl.background.systemalarm.ConstraintProxyUpdateReceiver"
189-->[androidx.work:work-runtime:2.9.1] AndroidManifest.xml:123:13-99
190            android:directBootAware="false"
190-->[androidx.work:work-runtime:2.9.1] AndroidManifest.xml:124:13-44
191            android:enabled="@bool/enable_system_alarm_service_default"
191-->[androidx.work:work-runtime:2.9.1] AndroidManifest.xml:125:13-72
192            android:exported="false" >
192-->[androidx.work:work-runtime:2.9.1] AndroidManifest.xml:126:13-37
193            <intent-filter>
193-->[androidx.work:work-runtime:2.9.1] AndroidManifest.xml:128:13-130:29
194                <action android:name="androidx.work.impl.background.systemalarm.UpdateProxies" />
194-->[androidx.work:work-runtime:2.9.1] AndroidManifest.xml:129:17-98
194-->[androidx.work:work-runtime:2.9.1] AndroidManifest.xml:129:25-95
195            </intent-filter>
196        </receiver>
197        <receiver
197-->[androidx.work:work-runtime:2.9.1] AndroidManifest.xml:132:9-142:20
198            android:name="androidx.work.impl.diagnostics.DiagnosticsReceiver"
198-->[androidx.work:work-runtime:2.9.1] AndroidManifest.xml:133:13-78
199            android:directBootAware="false"
199-->[androidx.work:work-runtime:2.9.1] AndroidManifest.xml:134:13-44
200            android:enabled="true"
200-->[androidx.work:work-runtime:2.9.1] AndroidManifest.xml:135:13-35
201            android:exported="true"
201-->[androidx.work:work-runtime:2.9.1] AndroidManifest.xml:136:13-36
202            android:permission="android.permission.DUMP" >
202-->[androidx.work:work-runtime:2.9.1] AndroidManifest.xml:137:13-57
203            <intent-filter>
203-->[androidx.work:work-runtime:2.9.1] AndroidManifest.xml:139:13-141:29
204                <action android:name="androidx.work.diagnostics.REQUEST_DIAGNOSTICS" />
204-->[androidx.work:work-runtime:2.9.1] AndroidManifest.xml:140:17-88
204-->[androidx.work:work-runtime:2.9.1] AndroidManifest.xml:140:25-85
205            </intent-filter>
206        </receiver>
207
208        <service
208-->[androidx.room:room-runtime:2.5.0] AndroidManifest.xml:24:9-28:63
209            android:name="androidx.room.MultiInstanceInvalidationService"
209-->[androidx.room:room-runtime:2.5.0] AndroidManifest.xml:25:13-74
210            android:directBootAware="true"
210-->[androidx.room:room-runtime:2.5.0] AndroidManifest.xml:26:13-43
211            android:exported="false" />
211-->[androidx.room:room-runtime:2.5.0] AndroidManifest.xml:27:13-37
212
213        <receiver
213-->[androidx.profileinstaller:profileinstaller:1.3.1] AndroidManifest.xml:34:9-52:20
214            android:name="androidx.profileinstaller.ProfileInstallReceiver"
214-->[androidx.profileinstaller:profileinstaller:1.3.1] AndroidManifest.xml:35:13-76
215            android:directBootAware="false"
215-->[androidx.profileinstaller:profileinstaller:1.3.1] AndroidManifest.xml:36:13-44
216            android:enabled="true"
216-->[androidx.profileinstaller:profileinstaller:1.3.1] AndroidManifest.xml:37:13-35
217            android:exported="true"
217-->[androidx.profileinstaller:profileinstaller:1.3.1] AndroidManifest.xml:38:13-36
218            android:permission="android.permission.DUMP" >
218-->[androidx.profileinstaller:profileinstaller:1.3.1] AndroidManifest.xml:39:13-57
219            <intent-filter>
219-->[androidx.profileinstaller:profileinstaller:1.3.1] AndroidManifest.xml:40:13-42:29
220                <action android:name="androidx.profileinstaller.action.INSTALL_PROFILE" />
220-->[androidx.profileinstaller:profileinstaller:1.3.1] AndroidManifest.xml:41:17-91
220-->[androidx.profileinstaller:profileinstaller:1.3.1] AndroidManifest.xml:41:25-88
221            </intent-filter>
222            <intent-filter>
222-->[androidx.profileinstaller:profileinstaller:1.3.1] AndroidManifest.xml:43:13-45:29
223                <action android:name="androidx.profileinstaller.action.SKIP_FILE" />
223-->[androidx.profileinstaller:profileinstaller:1.3.1] AndroidManifest.xml:44:17-85
223-->[androidx.profileinstaller:profileinstaller:1.3.1] AndroidManifest.xml:44:25-82
224            </intent-filter>
225            <intent-filter>
225-->[androidx.profileinstaller:profileinstaller:1.3.1] AndroidManifest.xml:46:13-48:29
226                <action android:name="androidx.profileinstaller.action.SAVE_PROFILE" />
226-->[androidx.profileinstaller:profileinstaller:1.3.1] AndroidManifest.xml:47:17-88
226-->[androidx.profileinstaller:profileinstaller:1.3.1] AndroidManifest.xml:47:25-85
227            </intent-filter>
228            <intent-filter>
228-->[androidx.profileinstaller:profileinstaller:1.3.1] AndroidManifest.xml:49:13-51:29
229                <action android:name="androidx.profileinstaller.action.BENCHMARK_OPERATION" />
229-->[androidx.profileinstaller:profileinstaller:1.3.1] AndroidManifest.xml:50:17-95
229-->[androidx.profileinstaller:profileinstaller:1.3.1] AndroidManifest.xml:50:25-92
230            </intent-filter>
231        </receiver>
232    </application>
233
234</manifest>